Build started 2015-11-25 12:12:38.
     1>Project "D:\c++\PEA_1\pea_P3\pea_P3\pea_P3.vcxproj" on node 2 (Build target(s)).
     1>ClCompile:
         E:\Program Files\Visual Studio 14.0\VC\bin\CL.exe /c /ZI /nologo /W3 /WX- /sdl /Od /Oy- /D WIN32 /D _DEBUG /D _CONSOLE /D _UNICODE /D UNICODE /Gm /EHsc /RTC1 /MDd /GS /fp:precise /Zc:wchar_t /Zc:forScope /Zc:inline /Yu"stdafx.h" /Fp"Debug\pea_P3.pch" /Fo"Debug\\" /Fd"Debug\vc140.pdb" /Gd /TP /analyze- /errorReport:prompt DNA.cpp pea_P3.cpp
         pea_P3.cpp
         DNA.cpp
     1>d:\c++\pea_1\pea_p3\pea_p3\dna.cpp(107): warning C4018: '<': signed/unsigned mismatch
     1>d:\c++\pea_1\pea_p3\pea_p3\dna.cpp(130): warning C4018: '<': signed/unsigned mismatch
     1>d:\c++\pea_1\pea_p3\pea_p3\dna.cpp(146): warning C4018: '<': signed/unsigned mismatch
         Generating Code...
     1>d:\c++\pea_1\pea_p3\pea_p3\dna.cpp(65): warning C4715: 'DNA::wczytaj': not all control paths return a value
       Link:
         E:\Program Files\Visual Studio 14.0\VC\bin\link.exe /ERRORREPORT:PROMPT /OUT:"D:\c++\PEA_1\pea_P3\Debug\pea_P3.exe" /INCREMENTAL /NOLOGO kernel32.lib user32.lib gdi32.lib winspool.lib comdlg32.lib advapi32.lib shell32.lib ole32.lib oleaut32.lib uuid.lib odbc32.lib odbccp32.lib /MANIFEST /MANIFESTUAC:"level='asInvoker' uiAccess='false'" /manifest:embed /Debug /PDB:"D:\c++\PEA_1\pea_P3\Debug\pea_P3.pdb" /SUBSYSTEM:CONSOLE /TLBID:1 /DYNAMICBASE /NXCOMPAT /IMPLIB:"D:\c++\PEA_1\pea_P3\Debug\pea_P3.lib" /MACHINE:X86 Debug\DNA.obj
         Debug\genom.obj
         Debug\pea_P3.obj
         Debug\stdafx.obj
         pea_P3.vcxproj -> D:\c++\PEA_1\pea_P3\Debug\pea_P3.exe
     1>Done Building Project "D:\c++\PEA_1\pea_P3\pea_P3\pea_P3.vcxproj" (Build target(s)).

Build succeeded.

Time Elapsed 00:00:03.05
