Build started 2015-11-10 10:34:49.
     1>Project "D:\c++\PEA_1\pea_lab_1\pea_lab_1\pea_lab_1.vcxproj" on node 2 (Build target(s)).
     1>ClCompile:
         E:\Program Files\Visual Studio 14.0\VC\bin\CL.exe /c /Zi /nologo /W3 /WX- /sdl /O2 /Oi /Oy- /GL /D WIN32 /D NDEBUG /D _CONSOLE /D _LIB /D _UNICODE /D UNICODE /Gm- /EHsc /MD /GS /Gy /fp:precise /Zc:wchar_t /Zc:forScope /Zc:inline /Yc"stdafx.h" /Fp"Release\pea_lab_1.pch" /Fo"Release\\" /Fd"Release\vc140.pdb" /Gd /TP /analyze- /errorReport:prompt stdafx.cpp
         stdafx.cpp
         E:\Program Files\Visual Studio 14.0\VC\bin\CL.exe /c /Zi /nologo /W3 /WX- /sdl /O2 /Oi /Oy- /GL /D WIN32 /D NDEBUG /D _CONSOLE /D _LIB /D _UNICODE /D UNICODE /Gm- /EHsc /MD /GS /Gy /fp:precise /Zc:wchar_t /Zc:forScope /Zc:inline /Yu"stdafx.h" /Fp"Release\pea_lab_1.pch" /Fo"Release\\" /Fd"Release\vc140.pdb" /Gd /TP /analyze- /errorReport:prompt pea_lab_1.cpp
         pea_lab_1.cpp
     1>d:\c++\pea_1\pea_lab_1\pea_lab_1\Plecak.h(110): warning C4018: '<': signed/unsigned mismatch
     1>d:\c++\pea_1\pea_lab_1\pea_lab_1\Plecak.h(169): warning C4018: '<': signed/unsigned mismatch
     1>d:\c++\pea_1\pea_lab_1\pea_lab_1\Plecak.h(181): warning C4244: '=': conversion from 'double' to 'int', possible loss of data
     1>d:\c++\pea_1\pea_lab_1\pea_lab_1\Plecak.h(195): warning C4018: '<': signed/unsigned mismatch
     1>d:\c++\pea_1\pea_lab_1\pea_lab_1\Plecak.h(325): warning C4018: '<': signed/unsigned mismatch
     1>d:\c++\pea_1\pea_lab_1\pea_lab_1\Plecak.h(411): warning C4244: 'initializing': conversion from 'double' to 'int', possible loss of data
     1>d:\c++\pea_1\pea_lab_1\pea_lab_1\Plecak.h(429): warning C4018: '<': signed/unsigned mismatch
     1>d:\c++\pea_1\pea_lab_1\pea_lab_1\Plecak.h(443): warning C4018: '<': signed/unsigned mismatch
     1>d:\c++\pea_1\pea_lab_1\pea_lab_1\Plecak.h(472): warning C4018: '<': signed/unsigned mismatch
     1>d:\c++\pea_1\pea_lab_1\pea_lab_1\Plecak.h(678): warning C4244: 'argument': conversion from 'time_t' to 'unsigned int', possible loss of data
       Link:
         E:\Program Files\Visual Studio 14.0\VC\bin\link.exe /ERRORREPORT:PROMPT /OUT:"D:\c++\PEA_1\pea_lab_1\Release\pea_lab_1.exe" /INCREMENTAL:NO /NOLOGO kernel32.lib user32.lib gdi32.lib winspool.lib comdlg32.lib advapi32.lib shell32.lib ole32.lib oleaut32.lib uuid.lib odbc32.lib odbccp32.lib /MANIFEST /MANIFESTUAC:"level='asInvoker' uiAccess='false'" /manifest:embed /Debug /PDB:"D:\c++\PEA_1\pea_lab_1\Release\pea_lab_1.pdb" /SUBSYSTEM:CONSOLE /OPT:REF /OPT:ICF /LTCG:incremental /TLBID:1 /DYNAMICBASE /NXCOMPAT /IMPLIB:"D:\c++\PEA_1\pea_lab_1\Release\pea_lab_1.lib" /MACHINE:X86 /SAFESEH Release\pea_lab_1.obj
         Release\stdafx.obj
         Generating code
         All 592 functions were compiled because no usable IPDB/IOBJ from previous compilation was found.
         Finished generating code
         pea_lab_1.vcxproj -> D:\c++\PEA_1\pea_lab_1\Release\pea_lab_1.exe
     1>Done Building Project "D:\c++\PEA_1\pea_lab_1\pea_lab_1\pea_lab_1.vcxproj" (Build target(s)).

Build succeeded.

Time Elapsed 00:00:08.42
